\BOOKMARK [1][-]{section.1}{Introduction}{}% 1
\BOOKMARK [1][-]{section.2}{Search Model with Heterogeneous Firms and Workers}{}% 2
\BOOKMARK [2][-]{subsection.2.1}{Environment}{section.2}% 3
\BOOKMARK [2][-]{subsection.2.2}{Search and Match}{section.2}% 4
\BOOKMARK [2][-]{subsection.2.3}{Value Functions}{section.2}% 5
\BOOKMARK [2][-]{subsection.2.4}{Timing of Events}{section.2}% 6
\BOOKMARK [1][-]{section.3}{Baseline Model: Exogenous Skill and Technology}{}% 7
\BOOKMARK [2][-]{subsection.3.1}{Value function}{section.3}% 8
\BOOKMARK [2][-]{subsection.3.2}{Value of vacancy}{section.3}% 9
\BOOKMARK [2][-]{subsection.3.3}{Level of unemployment}{section.3}% 10
\BOOKMARK [2][-]{subsection.3.4}{Efficiency}{section.3}% 11
\BOOKMARK [1][-]{section.4}{Extended Model: Endogenous skill and technology}{}% 12
\BOOKMARK [2][-]{subsection.4.1}{Optimal skill and technology level}{section.4}% 13
\BOOKMARK [2][-]{subsection.4.2}{Efficiency}{section.4}% 14
\BOOKMARK [1][-]{section.5}{Calibration}{}% 15
\BOOKMARK [2][-]{subsection.5.1}{Calibration form literature}{section.5}% 16
\BOOKMARK [2][-]{subsection.5.2}{Simulated Method of Moments}{section.5}% 17
\BOOKMARK [2][-]{subsection.5.3}{Calibration Result}{section.5}% 18
\BOOKMARK [2][-]{subsection.5.4}{Policy Analysis}{section.5}% 19
\BOOKMARK [1][-]{section.6}{Empirical Evidence}{}% 20
\BOOKMARK [2][-]{subsection.6.1}{Group heterogeneity}{section.6}% 21
\BOOKMARK [2][-]{subsection.6.2}{State level evidence}{section.6}% 22
\BOOKMARK [1][-]{section.7}{Conclusion}{}% 23
